Mono path[0] = 'D:/turing/AirHockeyRL-main/builds/AirHockeyRL_Data/Managed'
Mono config path = 'D:/turing/AirHockeyRL-main/builds/MonoBleedingEdge/etc'
[Physics::Module] Initialized fallback backend.
[Physics::Module] Id: 0xdecafbad
Initialize engine version: 6000.0.23f1 (1c4764c07fb4)
[Subsystems] Discovering subsystems at path D:/turing/AirHockeyRL-main/builds/AirHockeyRL_Data/UnitySubsystems
Forcing GfxDevice: Null
GfxDevice: creating device client; kGfxThreadingModeNonThreaded
NullGfxDevice:
    Version:  NULL 1.0 [1.0]
    Renderer: Null Device
    Vendor:   Unity Technologies
Begin MonoManager ReloadAssembly
- Loaded All Assemblies, in  0.171 seconds
- Finished resetting the current domain, in  0.004 seconds
[Physics::Module] Selected backend.
[Physics::Module] Name: PhysX
[Physics::Module] Id: 0xf2b8ea05
[Physics::Module] SDK Version: 4.1.2
[Physics::Module] Integration Version: 1.0.0
[Physics::Module] Threading Mode: Multi-Threaded
ERROR: Shader Hidden/Universal Render Pipeline/LutBuilderLdr shader is not supported on this GPU (none of subshaders/fallbacks are suitable)
ERROR: Shader Hidden/Universal Render Pipeline/CameraMotionBlur shader is not supported on this GPU (none of subshaders/fallbacks are suitable)
ERROR: Shader Hidden/Universal Render Pipeline/TemporalAA shader is not supported on this GPU (none of subshaders/fallbacks are suitable)
ERROR: Shader Hidden/Universal Render Pipeline/Scaling Setup shader is not supported on this GPU (none of subshaders/fallbacks are suitable)
ERROR: Shader Hidden/CoreSRP/CoreCopy shader is not supported on this GPU (none of subshaders/fallbacks are suitable)
WARNING: Shader Unsupported: 'Hidden/Universal Render Pipeline/FallbackError' - All subshaders removed
WARNING: Shader Did you use #pragma only_renderers and omit this platform?
WARNING: Shader If subshaders removal was intentional, you may have forgotten turning Fallback off?
ERROR: Shader Hidden/Universal Render Pipeline/FallbackError shader is not supported on this GPU (none of subshaders/fallbacks are suitable)
WARNING: Shader Unsupported: 'Hidden/Universal Render Pipeline/FallbackError' - All subshaders removed
WARNING: Shader Did you use #pragma only_renderers and omit this platform?
WARNING: Shader If subshaders removal was intentional, you may have forgotten turning Fallback off?
WARNING: Shader Unsupported: 'Hidden/Universal Render Pipeline/StencilDeferred' - All subshaders removed
WARNING: Shader Did you use #pragma only_renderers and omit this platform?
WARNING: Shader If subshaders removal was intentional, you may have forgotten turning Fallback off?
WARNING: Shader Unsupported: 'Hidden/Universal Render Pipeline/StencilDeferred' - All subshaders removed
WARNING: Shader Did you use #pragma only_renderers and omit this platform?
WARNING: Shader If subshaders removal was intentional, you may have forgotten turning Fallback off?
ERROR: Shader Hidden/Universal Render Pipeline/GaussianDepthOfField shader is not supported on this GPU (none of subshaders/fallbacks are suitable)
ERROR: Shader Hidden/Universal Render Pipeline/Debug/DebugReplacement shader is not supported on this GPU (none of subshaders/fallbacks are suitable)
ERROR: Shader Hidden/Universal Render Pipeline/LutBuilderHdr shader is not supported on this GPU (none of subshaders/fallbacks are suitable)
ERROR: Shader Hidden/Universal Render Pipeline/Sampling shader is not supported on this GPU (none of subshaders/fallbacks are suitable)
ERROR: Shader Hidden/Universal Render Pipeline/LensFlareDataDriven shader is not supported on this GPU (none of subshaders/fallbacks are suitable)
ERROR: Shader Hidden/Universal Render Pipeline/CameraMotionVectors shader is not supported on this GPU (none of subshaders/fallbacks are suitable)
ERROR: Shader Hidden/Universal Render Pipeline/UberPost shader is not supported on this GPU (none of subshaders/fallbacks are suitable)
ERROR: Shader Hidden/Universal Render Pipeline/Bloom shader is not supported on this GPU (none of subshaders/fallbacks are suitable)
ERROR: Shader Hidden/Universal Render Pipeline/BokehDepthOfField shader is not supported on this GPU (none of subshaders/fallbacks are suitable)
ERROR: Shader Hidden/Universal Render Pipeline/FinalPost shader is not supported on this GPU (none of subshaders/fallbacks are suitable)
ERROR: Shader Hidden/Universal Render Pipeline/CopyDepth shader is not supported on this GPU (none of subshaders/fallbacks are suitable)
ERROR: Shader Hidden/Universal Render Pipeline/SubpixelMorphologicalAntialiasing shader is not supported on this GPU (none of subshaders/fallbacks are suitable)
ERROR: Shader Hidden/Universal Render Pipeline/ScreenSpaceAmbientOcclusion shader is not supported on this GPU (none of subshaders/fallbacks are suitable)
ERROR: Shader Hidden/Universal Render Pipeline/Stop NaN shader is not supported on this GPU (none of subshaders/fallbacks are suitable)
ERROR: Shader Hidden/Universal/HDRDebugView shader is not supported on this GPU (none of subshaders/fallbacks are suitable)
ERROR: Shader Hidden/Universal Render Pipeline/LensFlareScreenSpace shader is not supported on this GPU (none of subshaders/fallbacks are suitable)
ERROR: Shader Hidden/Universal Render Pipeline/PaniniProjection shader is not supported on this GPU (none of subshaders/fallbacks are suitable)
ERROR: Shader Sprites/Default shader is not supported on this GPU (none of subshaders/fallbacks are suitable)
Microsoft Media Foundation video decoding to texture disabled: graphics device is Null, only Direct3D 11 and Direct3D 12 (only on desktop) are supported for hardware-accelerated video decoding.
ERROR: Shader Sprites/Mask shader is not supported on this GPU (none of subshaders/fallbacks are suitable)
Couldn't create a Convex Mesh from source mesh, within the maximum polygons limit (256). The partial hull will be used. Consider simplifying your mesh. Source mesh name: Pusher
Couldn't create a Convex Mesh from source mesh, within the maximum polygons limit (256). The partial hull will be used. Consider simplifying your mesh. Source mesh name: Pusher
ERROR: Shader GUI/Text Shader shader is not supported on this GPU (none of subshaders/fallbacks are suitable)
ERROR: Shader TextMeshPro/Mobile/Distance Field shader is not supported on this GPU (none of subshaders/fallbacks are suitable)
WARNING: Shader Unsupported: 'Universal Render Pipeline/Lit' - All subshaders removed
WARNING: Shader Did you use #pragma only_renderers and omit this platform?
WARNING: Shader If subshaders removal was intentional, you may have forgotten turning Fallback off?
ERROR: Shader Universal Render Pipeline/Lit shader is not supported on this GPU (none of subshaders/fallbacks are suitable)
WARNING: Shader Unsupported: 'Universal Render Pipeline/Lit' - All subshaders removed
WARNING: Shader Did you use #pragma only_renderers and omit this platform?
WARNING: Shader If subshaders removal was intentional, you may have forgotten turning Fallback off?
UnloadTime: 0.524800 ms
Registered Communicator in Agent.
[PuckCollisionHandler] Arraste o TableRoot no Inspector.
[PuckCollisionHandler] Arraste o TableRoot no Inspector.
[PuckCollisionHandler] Arraste o TableRoot no Inspector.
[PuckCollisionHandler] Arraste o TableRoot no Inspector.
[PuckCollisionHandler] Arraste o TableRoot no Inspector.
[PuckCollisionHandler] Arraste o TableRoot no Inspector.
[PuckCollisionHandler] Arraste o TableRoot no Inspector.
[PuckCollisionHandler] Arraste o TableRoot no Inspector.
[PuckCollisionHandler] Arraste o TableRoot no Inspector.
[PuckCollisionHandler] Arraste o TableRoot no Inspector.
[PuckCollisionHandler] Arraste o TableRoot no Inspector.
[PuckCollisionHandler] Arraste o TableRoot no Inspector.
[PuckCollisionHandler] Arraste o TableRoot no Inspector.
[PuckCollisionHandler] Arraste o TableRoot no Inspector.
[PuckCollisionHandler] Arraste o TableRoot no Inspector.
[PuckCollisionHandler] Arraste o TableRoot no Inspector.
[PuckCollisionHandler] Arraste o TableRoot no Inspector.
[PuckCollisionHandler] Arraste o TableRoot no Inspector.
[PuckCollisionHandler] Arraste o TableRoot no Inspector.
[PuckCollisionHandler] Arraste o TableRoot no Inspector.
[PuckCollisionHandler] Arraste o TableRoot no Inspector.
[PuckCollisionHandler] Arraste o TableRoot no Inspector.
[PuckCollisionHandler] Arraste o TableRoot no Inspector.
[PuckCollisionHandler] Arraste o TableRoot no Inspector.
[PuckCollisionHandler] Arraste o TableRoot no Inspector.
[PuckCollisionHandler] Arraste o TableRoot no Inspector.
[PuckCollisionHandler] Arraste o TableRoot no Inspector.
[PuckCollisionHandler] Arraste o TableRoot no Inspector.
[PuckCollisionHandler] Arraste o TableRoot no Inspector.
[PuckCollisionHandler] Arraste o TableRoot no Inspector.
[PuckCollisionHandler] Arraste o TableRoot no Inspector.
[PuckCollisionHandler] Arraste o TableRoot no Inspector.
[PuckCollisionHandler] Arraste o TableRoot no Inspector.
[PuckCollisionHandler] Arraste o TableRoot no Inspector.
[PuckCollisionHandler] Arraste o TableRoot no Inspector.
[PuckCollisionHandler] Arraste o TableRoot no Inspector.
[PuckCollisionHandler] Arraste o TableRoot no Inspector.
[PuckCollisionHandler] Arraste o TableRoot no Inspector.
[PuckCollisionHandler] Arraste o TableRoot no Inspector.
[PuckCollisionHandler] Arraste o TableRoot no Inspector.
[PuckCollisionHandler] Arraste o TableRoot no Inspector.
[PuckCollisionHandler] Arraste o TableRoot no Inspector.
[PuckCollisionHandler] Arraste o TableRoot no Inspector.
[PuckCollisionHandler] Arraste o TableRoot no Inspector.
[PuckCollisionHandler] Arraste o TableRoot no Inspector.
[PuckCollisionHandler] Arraste o TableRoot no Inspector.
[PuckCollisionHandler] Arraste o TableRoot no Inspector.
[PuckCollisionHandler] Arraste o TableRoot no Inspector.
[PuckCollisionHandler] Arraste o TableRoot no Inspector.
[PuckCollisionHandler] Arraste o TableRoot no Inspector.
[PuckCollisionHandler] Arraste o TableRoot no Inspector.
[PuckCollisionHandler] Arraste o TableRoot no Inspector.
[PuckCollisionHandler] Arraste o TableRoot no Inspector.
[PuckCollisionHandler] Arraste o TableRoot no Inspector.
[PuckCollisionHandler] Arraste o TableRoot no Inspector.
[PuckCollisionHandler] Arraste o TableRoot no Inspector.
[PuckCollisionHandler] Arraste o TableRoot no Inspector.
[PuckCollisionHandler] Arraste o TableRoot no Inspector.
[PuckCollisionHandler] Arraste o TableRoot no Inspector.
[PuckCollisionHandler] Arraste o TableRoot no Inspector.
[PuckCollisionHandler] Arraste o TableRoot no Inspector.
[PuckCollisionHandler] Arraste o TableRoot no Inspector.
[PuckCollisionHandler] Arraste o TableRoot no Inspector.
[PuckCollisionHandler] Arraste o TableRoot no Inspector.
[PuckCollisionHandler] Arraste o TableRoot no Inspector.
[PuckCollisionHandler] Arraste o TableRoot no Inspector.
[PuckCollisionHandler] Arraste o TableRoot no Inspector.
[PuckCollisionHandler] Arraste o TableRoot no Inspector.
[PuckCollisionHandler] Arraste o TableRoot no Inspector.
[PuckCollisionHandler] Arraste o TableRoot no Inspector.
[PuckCollisionHandler] Arraste o TableRoot no Inspector.
[PuckCollisionHandler] Arraste o TableRoot no Inspector.
[PuckCollisionHandler] Arraste o TableRoot no Inspector.
[PuckCollisionHandler] Arraste o TableRoot no Inspector.
[PuckCollisionHandler] Arraste o TableRoot no Inspector.
[PuckCollisionHandler] Arraste o TableRoot no Inspector.
[PuckCollisionHandler] Arraste o TableRoot no Inspector.
[PuckCollisionHandler] Arraste o TableRoot no Inspector.
[PuckCollisionHandler] Arraste o TableRoot no Inspector.
[PuckCollisionHandler] Arraste o TableRoot no Inspector.
[PuckCollisionHandler] Arraste o TableRoot no Inspector.
[PuckCollisionHandler] Arraste o TableRoot no Inspector.
[PuckCollisionHandler] Arraste o TableRoot no Inspector.
[PuckCollisionHandler] Arraste o TableRoot no Inspector.
[PuckCollisionHandler] Arraste o TableRoot no Inspector.
[PuckCollisionHandler] Arraste o TableRoot no Inspector.
[PuckCollisionHandler] Arraste o TableRoot no Inspector.
[PuckCollisionHandler] Arraste o TableRoot no Inspector.
[PuckCollisionHandler] Arraste o TableRoot no Inspector.
[PuckCollisionHandler] Arraste o TableRoot no Inspector.
[PuckCollisionHandler] Arraste o TableRoot no Inspector.
[PuckCollisionHandler] Arraste o TableRoot no Inspector.
[PuckCollisionHandler] Arraste o TableRoot no Inspector.
[PuckCollisionHandler] Arraste o TableRoot no Inspector.
[PuckCollisionHandler] Arraste o TableRoot no Inspector.
[PuckCollisionHandler] Arraste o TableRoot no Inspector.
[PuckCollisionHandler] Arraste o TableRoot no Inspector.
[PuckCollisionHandler] Arraste o TableRoot no Inspector.
[PuckCollisionHandler] Arraste o TableRoot no Inspector.
[PuckCollisionHandler] Arraste o TableRoot no Inspector.
[PuckCollisionHandler] Arraste o TableRoot no Inspector.
[PuckCollisionHandler] Arraste o TableRoot no Inspector.
[PuckCollisionHandler] Arraste o TableRoot no Inspector.
[PuckCollisionHandler] Arraste o TableRoot no Inspector.
[PuckCollisionHandler] Arraste o TableRoot no Inspector.
[PuckCollisionHandler] Arraste o TableRoot no Inspector.
[PuckCollisionHandler] Arraste o TableRoot no Inspector.
[PuckCollisionHandler] Arraste o TableRoot no Inspector.
[PuckCollisionHandler] Arraste o TableRoot no Inspector.
[PuckCollisionHandler] Arraste o TableRoot no Inspector.
[PuckCollisionHandler] Arraste o TableRoot no Inspector.
[PuckCollisionHandler] Arraste o TableRoot no Inspector.
[PuckCollisionHandler] Arraste o TableRoot no Inspector.
[PuckCollisionHandler] Arraste o TableRoot no Inspector.
[PuckCollisionHandler] Arraste o TableRoot no Inspector.
[PuckCollisionHandler] Arraste o TableRoot no Inspector.
[PuckCollisionHandler] Arraste o TableRoot no Inspector.
[PuckCollisionHandler] Arraste o TableRoot no Inspector.
[PuckCollisionHandler] Arraste o TableRoot no Inspector.
[PuckCollisionHandler] Arraste o TableRoot no Inspector.
[PuckCollisionHandler] Arraste o TableRoot no Inspector.
[PuckCollisionHandler] Arraste o TableRoot no Inspector.
[PuckCollisionHandler] Arraste o TableRoot no Inspector.
[PuckCollisionHandler] Arraste o TableRoot no Inspector.
[PuckCollisionHandler] Arraste o TableRoot no Inspector.
[PuckCollisionHandler] Arraste o TableRoot no Inspector.
[PuckCollisionHandler] Arraste o TableRoot no Inspector.
[PuckCollisionHandler] Arraste o TableRoot no Inspector.
[PuckCollisionHandler] Arraste o TableRoot no Inspector.
[PuckCollisionHandler] Arraste o TableRoot no Inspector.
[PuckCollisionHandler] Arraste o TableRoot no Inspector.
[PuckCollisionHandler] Arraste o TableRoot no Inspector.
[PuckCollisionHandler] Arraste o TableRoot no Inspector.
[PuckCollisionHandler] Arraste o TableRoot no Inspector.
[PuckCollisionHandler] Arraste o TableRoot no Inspector.
[PuckCollisionHandler] Arraste o TableRoot no Inspector.
[PuckCollisionHandler] Arraste o TableRoot no Inspector.
[PuckCollisionHandler] Arraste o TableRoot no Inspector.
[PuckCollisionHandler] Arraste o TableRoot no Inspector.
[PuckCollisionHandler] Arraste o TableRoot no Inspector.
[PuckCollisionHandler] Arraste o TableRoot no Inspector.
[PuckCollisionHandler] Arraste o TableRoot no Inspector.
[PuckCollisionHandler] Arraste o TableRoot no Inspector.
[PuckCollisionHandler] Arraste o TableRoot no Inspector.
[PuckCollisionHandler] Arraste o TableRoot no Inspector.
[PuckCollisionHandler] Arraste o TableRoot no Inspector.
[PuckCollisionHandler] Arraste o TableRoot no Inspector.
[PuckCollisionHandler] Arraste o TableRoot no Inspector.
[PuckCollisionHandler] Arraste o TableRoot no Inspector.
[PuckCollisionHandler] Arraste o TableRoot no Inspector.
[PuckCollisionHandler] Arraste o TableRoot no Inspector.
[PuckCollisionHandler] Arraste o TableRoot no Inspector.
[PuckCollisionHandler] Arraste o TableRoot no Inspector.
[PuckCollisionHandler] Arraste o TableRoot no Inspector.
[PuckCollisionHandler] Arraste o TableRoot no Inspector.
[PuckCollisionHandler] Arraste o TableRoot no Inspector.
[PuckCollisionHandler] Arraste o TableRoot no Inspector.
[PuckCollisionHandler] Arraste o TableRoot no Inspector.
[PuckCollisionHandler] Arraste o TableRoot no Inspector.
[PuckCollisionHandler] Arraste o TableRoot no Inspector.
[PuckCollisionHandler] Arraste o TableRoot no Inspector.
[PuckCollisionHandler] Arraste o TableRoot no Inspector.
[PuckCollisionHandler] Arraste o TableRoot no Inspector.
[PuckCollisionHandler] Arraste o TableRoot no Inspector.
[PuckCollisionHandler] Arraste o TableRoot no Inspector.
[PuckCollisionHandler] Arraste o TableRoot no Inspector.
[PuckCollisionHandler] Arraste o TableRoot no Inspector.
[PuckCollisionHandler] Arraste o TableRoot no Inspector.
[PuckCollisionHandler] Arraste o TableRoot no Inspector.
[PuckCollisionHandler] Arraste o TableRoot no Inspector.
[PuckCollisionHandler] Arraste o TableRoot no Inspector.
[PuckCollisionHandler] Arraste o TableRoot no Inspector.
[PuckCollisionHandler] Arraste o TableRoot no Inspector.
[PuckCollisionHandler] Arraste o TableRoot no Inspector.
[PuckCollisionHandler] Arraste o TableRoot no Inspector.
[PuckCollisionHandler] Arraste o TableRoot no Inspector.
[PuckCollisionHandler] Arraste o TableRoot no Inspector.
[PuckCollisionHandler] Arraste o TableRoot no Inspector.
[PuckCollisionHandler] Arraste o TableRoot no Inspector.
[PuckCollisionHandler] Arraste o TableRoot no Inspector.
[PuckCollisionHandler] Arraste o TableRoot no Inspector.
[PuckCollisionHandler] Arraste o TableRoot no Inspector.
[PuckCollisionHandler] Arraste o TableRoot no Inspector.
[PuckCollisionHandler] Arraste o TableRoot no Inspector.
[PuckCollisionHandler] Arraste o TableRoot no Inspector.
[PuckCollisionHandler] Arraste o TableRoot no Inspector.
[PuckCollisionHandler] Arraste o TableRoot no Inspector.
[PuckCollisionHandler] Arraste o TableRoot no Inspector.
[PuckCollisionHandler] Arraste o TableRoot no Inspector.
[PuckCollisionHandler] Arraste o TableRoot no Inspector.
[PuckCollisionHandler] Arraste o TableRoot no Inspector.
[PuckCollisionHandler] Arraste o TableRoot no Inspector.
[PuckCollisionHandler] Arraste o TableRoot no Inspector.
ERROR: Shader TextMeshPro/Sprite shader is not supported on this GPU (none of subshaders/fallbacks are suitable)
[PuckCollisionHandler] Arraste o TableRoot no Inspector.
[PuckCollisionHandler] Arraste o TableRoot no Inspector.
[PuckCollisionHandler] Arraste o TableRoot no Inspector.
[PuckCollisionHandler] Arraste o TableRoot no Inspector.
[PuckCollisionHandler] Arraste o TableRoot no Inspector.
[PuckCollisionHandler] Arraste o TableRoot no Inspector.
[PuckCollisionHandler] Arraste o TableRoot no Inspector.
[PuckCollisionHandler] Arraste o TableRoot no Inspector.
[PuckCollisionHandler] Arraste o TableRoot no Inspector.
[PuckCollisionHandler] Arraste o TableRoot no Inspector.
[PuckCollisionHandler] Arraste o TableRoot no Inspector.
[PuckCollisionHandler] Arraste o TableRoot no Inspector.
[PuckCollisionHandler] Arraste o TableRoot no Inspector.
[PuckCollisionHandler] Arraste o TableRoot no Inspector.
[PuckCollisionHandler] Arraste o TableRoot no Inspector.
[PuckCollisionHandler] Arraste o TableRoot no Inspector.
[PuckCollisionHandler] Arraste o TableRoot no Inspector.
[PuckCollisionHandler] Arraste o TableRoot no Inspector.
[PuckCollisionHandler] Arraste o TableRoot no Inspector.
[PuckCollisionHandler] Arraste o TableRoot no Inspector.
[PuckCollisionHandler] Arraste o TableRoot no Inspector.
[PuckCollisionHandler] Arraste o TableRoot no Inspector.
[PuckCollisionHandler] Arraste o TableRoot no Inspector.
[PuckCollisionHandler] Arraste o TableRoot no Inspector.
[PuckCollisionHandler] Arraste o TableRoot no Inspector.
[PuckCollisionHandler] Arraste o TableRoot no Inspector.
[PuckCollisionHandler] Arraste o TableRoot no Inspector.
[PuckCollisionHandler] Arraste o TableRoot no Inspector.
[PuckCollisionHandler] Arraste o TableRoot no Inspector.
[PuckCollisionHandler] Arraste o TableRoot no Inspector.
[PuckCollisionHandler] Arraste o TableRoot no Inspector.
[PuckCollisionHandler] Arraste o TableRoot no Inspector.
[PuckCollisionHandler] Arraste o TableRoot no Inspector.
[PuckCollisionHandler] Arraste o TableRoot no Inspector.
[PuckCollisionHandler] Arraste o TableRoot no Inspector.
[PuckCollisionHandler] Arraste o TableRoot no Inspector.
[PuckCollisionHandler] Arraste o TableRoot no Inspector.
[PuckCollisionHandler] Arraste o TableRoot no Inspector.
[PuckCollisionHandler] Arraste o TableRoot no Inspector.
[PuckCollisionHandler] Arraste o TableRoot no Inspector.
[PuckCollisionHandler] Arraste o TableRoot no Inspector.
[PuckCollisionHandler] Arraste o TableRoot no Inspector.
[PuckCollisionHandler] Arraste o TableRoot no Inspector.
[PuckCollisionHandler] Arraste o TableRoot no Inspector.
[PuckCollisionHandler] Arraste o TableRoot no Inspector.
[PuckCollisionHandler] Arraste o TableRoot no Inspector.
[PuckCollisionHandler] Arraste o TableRoot no Inspector.
[PuckCollisionHandler] Arraste o TableRoot no Inspector.
[PuckCollisionHandler] Arraste o TableRoot no Inspector.
[PuckCollisionHandler] Arraste o TableRoot no Inspector.
[PuckCollisionHandler] Arraste o TableRoot no Inspector.
[PuckCollisionHandler] Arraste o TableRoot no Inspector.
[PuckCollisionHandler] Arraste o TableRoot no Inspector.
[PuckCollisionHandler] Arraste o TableRoot no Inspector.
[PuckCollisionHandler] Arraste o TableRoot no Inspector.
[PuckCollisionHandler] Arraste o TableRoot no Inspector.
[PuckCollisionHandler] Arraste o TableRoot no Inspector.
[PuckCollisionHandler] Arraste o TableRoot no Inspector.
[PuckCollisionHandler] Arraste o TableRoot no Inspector.
[PuckCollisionHandler] Arraste o TableRoot no Inspector.
[PuckCollisionHandler] Arraste o TableRoot no Inspector.
[PuckCollisionHandler] Arraste o TableRoot no Inspector.
[PuckCollisionHandler] Arraste o TableRoot no Inspector.
[PuckCollisionHandler] Arraste o TableRoot no Inspector.
[PuckCollisionHandler] Arraste o TableRoot no Inspector.
[PuckCollisionHandler] Arraste o TableRoot no Inspector.
[PuckCollisionHandler] Arraste o TableRoot no Inspector.
[PuckCollisionHandler] Arraste o TableRoot no Inspector.
[PuckCollisionHandler] Arraste o TableRoot no Inspector.
[PuckCollisionHandler] Arraste o TableRoot no Inspector.
[PuckCollisionHandler] Arraste o TableRoot no Inspector.
[PuckCollisionHandler] Arraste o TableRoot no Inspector.
[PuckCollisionHandler] Arraste o TableRoot no Inspector.
[PuckCollisionHandler] Arraste o TableRoot no Inspector.
[PuckCollisionHandler] Arraste o TableRoot no Inspector.
[PuckCollisionHandler] Arraste o TableRoot no Inspector.
[PuckCollisionHandler] Arraste o TableRoot no Inspector.
[PuckCollisionHandler] Arraste o TableRoot no Inspector.
[PuckCollisionHandler] Arraste o TableRoot no Inspector.
[PuckCollisionHandler] Arraste o TableRoot no Inspector.
[PuckCollisionHandler] Arraste o TableRoot no Inspector.
[PuckCollisionHandler] Arraste o TableRoot no Inspector.
[PuckCollisionHandler] Arraste o TableRoot no Inspector.
[PuckCollisionHandler] Arraste o TableRoot no Inspector.
[PuckCollisionHandler] Arraste o TableRoot no Inspector.
[PuckCollisionHandler] Arraste o TableRoot no Inspector.
[PuckCollisionHandler] Arraste o TableRoot no Inspector.
[PuckCollisionHandler] Arraste o TableRoot no Inspector.
[PuckCollisionHandler] Arraste o TableRoot no Inspector.
[PuckCollisionHandler] Arraste o TableRoot no Inspector.
[PuckCollisionHandler] Arraste o TableRoot no Inspector.
[PuckCollisionHandler] Arraste o TableRoot no Inspector.
[PuckCollisionHandler] Arraste o TableRoot no Inspector.
[PuckCollisionHandler] Arraste o TableRoot no Inspector.
[PuckCollisionHandler] Arraste o TableRoot no Inspector.
[PuckCollisionHandler] Arraste o TableRoot no Inspector.
[PuckCollisionHandler] Arraste o TableRoot no Inspector.
[PuckCollisionHandler] Arraste o TableRoot no Inspector.
[PuckCollisionHandler] Arraste o TableRoot no Inspector.
[PuckCollisionHandler] Arraste o TableRoot no Inspector.
[PuckCollisionHandler] Arraste o TableRoot no Inspector.
[PuckCollisionHandler] Arraste o TableRoot no Inspector.
[PuckCollisionHandler] Arraste o TableRoot no Inspector.
[PuckCollisionHandler] Arraste o TableRoot no Inspector.
[PuckCollisionHandler] Arraste o TableRoot no Inspector.
[PuckCollisionHandler] Arraste o TableRoot no Inspector.
[PuckCollisionHandler] Arraste o TableRoot no Inspector.
[PuckCollisionHandler] Arraste o TableRoot no Inspector.
[PuckCollisionHandler] Arraste o TableRoot no Inspector.
[PuckCollisionHandler] Arraste o TableRoot no Inspector.
[PuckCollisionHandler] Arraste o TableRoot no Inspector.
[PuckCollisionHandler] Arraste o TableRoot no Inspector.
[PuckCollisionHandler] Arraste o TableRoot no Inspector.
[PuckCollisionHandler] Arraste o TableRoot no Inspector.
[PuckCollisionHandler] Arraste o TableRoot no Inspector.
[PuckCollisionHandler] Arraste o TableRoot no Inspector.
[PuckCollisionHandler] Arraste o TableRoot no Inspector.
[PuckCollisionHandler] Arraste o TableRoot no Inspector.
[PuckCollisionHandler] Arraste o TableRoot no Inspector.
[PuckCollisionHandler] Arraste o TableRoot no Inspector.
[PuckCollisionHandler] Arraste o TableRoot no Inspector.
[PuckCollisionHandler] Arraste o TableRoot no Inspector.
[PuckCollisionHandler] Arraste o TableRoot no Inspector.
[PuckCollisionHandler] Arraste o TableRoot no Inspector.
[PuckCollisionHandler] Arraste o TableRoot no Inspector.
[PuckCollisionHandler] Arraste o TableRoot no Inspector.
[PuckCollisionHandler] Arraste o TableRoot no Inspector.
[PuckCollisionHandler] Arraste o TableRoot no Inspector.
[PuckCollisionHandler] Arraste o TableRoot no Inspector.
[PuckCollisionHandler] Arraste o TableRoot no Inspector.
[PuckCollisionHandler] Arraste o TableRoot no Inspector.
[PuckCollisionHandler] Arraste o TableRoot no Inspector.
[PuckCollisionHandler] Arraste o TableRoot no Inspector.
[PuckCollisionHandler] Arraste o TableRoot no Inspector.
Default audio device was changed, but the audio system failed to initialize it. Attempting to reset sound system.
FMOD failed to initialize the output device.: "Error initializing output device. " (60)
Forced to initialize FMOD to to the device driver's system output rate 48000, this may impact performance and/or give inconsistent experiences compared to selected sample rate 48000
FMOD failed to initialize the output device.: "Error initializing output device. " (60)
FMOD initialized on nosound output
[PuckCollisionHandler] Arraste o TableRoot no Inspector.
[PuckCollisionHandler] Arraste o TableRoot no Inspector.
[PuckCollisionHandler] Arraste o TableRoot no Inspector.
[PuckCollisionHandler] Arraste o TableRoot no Inspector.
[PuckCollisionHandler] Arraste o TableRoot no Inspector.
[PuckCollisionHandler] Arraste o TableRoot no Inspector.
[PuckCollisionHandler] Arraste o TableRoot no Inspector.
[PuckCollisionHandler] Arraste o TableRoot no Inspector.
[PuckCollisionHandler] Arraste o TableRoot no Inspector.
[PuckCollisionHandler] Arraste o TableRoot no Inspector.
[PuckCollisionHandler] Arraste o TableRoot no Inspector.
[PuckCollisionHandler] Arraste o TableRoot no Inspector.
[PuckCollisionHandler] Arraste o TableRoot no Inspector.
[PuckCollisionHandler] Arraste o TableRoot no Inspector.
[PuckCollisionHandler] Arraste o TableRoot no Inspector.
[PuckCollisionHandler] Arraste o TableRoot no Inspector.
[PuckCollisionHandler] Arraste o TableRoot no Inspector.
[PuckCollisionHandler] Arraste o TableRoot no Inspector.
[PuckCollisionHandler] Arraste o TableRoot no Inspector.
[PuckCollisionHandler] Arraste o TableRoot no Inspector.
[PuckCollisionHandler] Arraste o TableRoot no Inspector.
[PuckCollisionHandler] Arraste o TableRoot no Inspector.
[PuckCollisionHandler] Arraste o TableRoot no Inspector.
[PuckCollisionHandler] Arraste o TableRoot no Inspector.
[PuckCollisionHandler] Arraste o TableRoot no Inspector.
[PuckCollisionHandler] Arraste o TableRoot no Inspector.
[PuckCollisionHandler] Arraste o TableRoot no Inspector.
[PuckCollisionHandler] Arraste o TableRoot no Inspector.
[PuckCollisionHandler] Arraste o TableRoot no Inspector.
[PuckCollisionHandler] Arraste o TableRoot no Inspector.
[PuckCollisionHandler] Arraste o TableRoot no Inspector.
[PuckCollisionHandler] Arraste o TableRoot no Inspector.
[PuckCollisionHandler] Arraste o TableRoot no Inspector.
[PuckCollisionHandler] Arraste o TableRoot no Inspector.
[PuckCollisionHandler] Arraste o TableRoot no Inspector.
[PuckCollisionHandler] Arraste o TableRoot no Inspector.
[PuckCollisionHandler] Arraste o TableRoot no Inspector.
[PuckCollisionHandler] Arraste o TableRoot no Inspector.
[PuckCollisionHandler] Arraste o TableRoot no Inspector.
[PuckCollisionHandler] Arraste o TableRoot no Inspector.
[PuckCollisionHandler] Arraste o TableRoot no Inspector.
[PuckCollisionHandler] Arraste o TableRoot no Inspector.
[PuckCollisionHandler] Arraste o TableRoot no Inspector.
[PuckCollisionHandler] Arraste o TableRoot no Inspector.
[PuckCollisionHandler] Arraste o TableRoot no Inspector.
[PuckCollisionHandler] Arraste o TableRoot no Inspector.
[PuckCollisionHandler] Arraste o TableRoot no Inspector.
[PuckCollisionHandler] Arraste o TableRoot no Inspector.
[PuckCollisionHandler] Arraste o TableRoot no Inspector.
[PuckCollisionHandler] Arraste o TableRoot no Inspector.
[PuckCollisionHandler] Arraste o TableRoot no Inspector.
[PuckCollisionHandler] Arraste o TableRoot no Inspector.
[PuckCollisionHandler] Arraste o TableRoot no Inspector.
[PuckCollisionHandler] Arraste o TableRoot no Inspector.
[PuckCollisionHandler] Arraste o TableRoot no Inspector.
[PuckCollisionHandler] Arraste o TableRoot no Inspector.
[PuckCollisionHandler] Arraste o TableRoot no Inspector.
[PuckCollisionHandler] Arraste o TableRoot no Inspector.
[PuckCollisionHandler] Arraste o TableRoot no Inspector.
[PuckCollisionHandler] Arraste o TableRoot no Inspector.
[PuckCollisionHandler] Arraste o TableRoot no Inspector.
[PuckCollisionHandler] Arraste o TableRoot no Inspector.
[PuckCollisionHandler] Arraste o TableRoot no Inspector.
[PuckCollisionHandler] Arraste o TableRoot no Inspector.
[PuckCollisionHandler] Arraste o TableRoot no Inspector.
[PuckCollisionHandler] Arraste o TableRoot no Inspector.
[PuckCollisionHandler] Arraste o TableRoot no Inspector.
[PuckCollisionHandler] Arraste o TableRoot no Inspector.
[PuckCollisionHandler] Arraste o TableRoot no Inspector.
[PuckCollisionHandler] Arraste o TableRoot no Inspector.
[PuckCollisionHandler] Arraste o TableRoot no Inspector.
[PuckCollisionHandler] Arraste o TableRoot no Inspector.
[PuckCollisionHandler] Arraste o TableRoot no Inspector.
[PuckCollisionHandler] Arraste o TableRoot no Inspector.
[PuckCollisionHandler] Arraste o TableRoot no Inspector.
[PuckCollisionHandler] Arraste o TableRoot no Inspector.
[PuckCollisionHandler] Arraste o TableRoot no Inspector.
[PuckCollisionHandler] Arraste o TableRoot no Inspector.
[PuckCollisionHandler] Arraste o TableRoot no Inspector.
[PuckCollisionHandler] Arraste o TableRoot no Inspector.
[PuckCollisionHandler] Arraste o TableRoot no Inspector.
[PuckCollisionHandler] Arraste o TableRoot no Inspector.
[PuckCollisionHandler] Arraste o TableRoot no Inspector.
[PuckCollisionHandler] Arraste o TableRoot no Inspector.
[PuckCollisionHandler] Arraste o TableRoot no Inspector.
[PuckCollisionHandler] Arraste o TableRoot no Inspector.
[PuckCollisionHandler] Arraste o TableRoot no Inspector.
[PuckCollisionHandler] Arraste o TableRoot no Inspector.
[PuckCollisionHandler] Arraste o TableRoot no Inspector.
[PuckCollisionHandler] Arraste o TableRoot no Inspector.
[PuckCollisionHandler] Arraste o TableRoot no Inspector.
[PuckCollisionHandler] Arraste o TableRoot no Inspector.
[PuckCollisionHandler] Arraste o TableRoot no Inspector.
[PuckCollisionHandler] Arraste o TableRoot no Inspector.
[PuckCollisionHandler] Arraste o TableRoot no Inspector.
[PuckCollisionHandler] Arraste o TableRoot no Inspector.
[PuckCollisionHandler] Arraste o TableRoot no Inspector.
[PuckCollisionHandler] Arraste o TableRoot no Inspector.
[PuckCollisionHandler] Arraste o TableRoot no Inspector.
[PuckCollisionHandler] Arraste o TableRoot no Inspector.
[PuckCollisionHandler] Arraste o TableRoot no Inspector.
[PuckCollisionHandler] Arraste o TableRoot no Inspector.
[PuckCollisionHandler] Arraste o TableRoot no Inspector.
[PuckCollisionHandler] Arraste o TableRoot no Inspector.
[PuckCollisionHandler] Arraste o TableRoot no Inspector.
[PuckCollisionHandler] Arraste o TableRoot no Inspector.
[PuckCollisionHandler] Arraste o TableRoot no Inspector.
[PuckCollisionHandler] Arraste o TableRoot no Inspector.
[PuckCollisionHandler] Arraste o TableRoot no Inspector.
[PuckCollisionHandler] Arraste o TableRoot no Inspector.
[PuckCollisionHandler] Arraste o TableRoot no Inspector.
[PuckCollisionHandler] Arraste o TableRoot no Inspector.
[PuckCollisionHandler] Arraste o TableRoot no Inspector.
[PuckCollisionHandler] Arraste o TableRoot no Inspector.
[PuckCollisionHandler] Arraste o TableRoot no Inspector.
[PuckCollisionHandler] Arraste o TableRoot no Inspector.
[PuckCollisionHandler] Arraste o TableRoot no Inspector.
[PuckCollisionHandler] Arraste o TableRoot no Inspector.
[PuckCollisionHandler] Arraste o TableRoot no Inspector.
[PuckCollisionHandler] Arraste o TableRoot no Inspector.
[PuckCollisionHandler] Arraste o TableRoot no Inspector.
[PuckCollisionHandler] Arraste o TableRoot no Inspector.
[PuckCollisionHandler] Arraste o TableRoot no Inspector.
[PuckCollisionHandler] Arraste o TableRoot no Inspector.
[PuckCollisionHandler] Arraste o TableRoot no Inspector.
[PuckCollisionHandler] Arraste o TableRoot no Inspector.
[PuckCollisionHandler] Arraste o TableRoot no Inspector.
[PuckCollisionHandler] Arraste o TableRoot no Inspector.
[PuckCollisionHandler] Arraste o TableRoot no Inspector.
[PuckCollisionHandler] Arraste o TableRoot no Inspector.
[PuckCollisionHandler] Arraste o TableRoot no Inspector.
[PuckCollisionHandler] Arraste o TableRoot no Inspector.
[PuckCollisionHandler] Arraste o TableRoot no Inspector.
[PuckCollisionHandler] Arraste o TableRoot no Inspector.
[PuckCollisionHandler] Arraste o TableRoot no Inspector.
[PuckCollisionHandler] Arraste o TableRoot no Inspector.
[PuckCollisionHandler] Arraste o TableRoot no Inspector.
[PuckCollisionHandler] Arraste o TableRoot no Inspector.
[PuckCollisionHandler] Arraste o TableRoot no Inspector.
[PuckCollisionHandler] Arraste o TableRoot no Inspector.
[PuckCollisionHandler] Arraste o TableRoot no Inspector.
[PuckCollisionHandler] Arraste o TableRoot no Inspector.
[PuckCollisionHandler] Arraste o TableRoot no Inspector.
[PuckCollisionHandler] Arraste o TableRoot no Inspector.
[PuckCollisionHandler] Arraste o TableRoot no Inspector.
[PuckCollisionHandler] Arraste o TableRoot no Inspector.
[PuckCollisionHandler] Arraste o TableRoot no Inspector.
[PuckCollisionHandler] Arraste o TableRoot no Inspector.
[PuckCollisionHandler] Arraste o TableRoot no Inspector.
[PuckCollisionHandler] Arraste o TableRoot no Inspector.
[PuckCollisionHandler] Arraste o TableRoot no Inspector.
[PuckCollisionHandler] Arraste o TableRoot no Inspector.
[PuckCollisionHandler] Arraste o TableRoot no Inspector.
[PuckCollisionHandler] Arraste o TableRoot no Inspector.
[PuckCollisionHandler] Arraste o TableRoot no Inspector.
[PuckCollisionHandler] Arraste o TableRoot no Inspector.
[PuckCollisionHandler] Arraste o TableRoot no Inspector.
[PuckCollisionHandler] Arraste o TableRoot no Inspector.
[PuckCollisionHandler] Arraste o TableRoot no Inspector.
[PuckCollisionHandler] Arraste o TableRoot no Inspector.
[PuckCollisionHandler] Arraste o TableRoot no Inspector.
[PuckCollisionHandler] Arraste o TableRoot no Inspector.
[PuckCollisionHandler] Arraste o TableRoot no Inspector.
[PuckCollisionHandler] Arraste o TableRoot no Inspector.
[PuckCollisionHandler] Arraste o TableRoot no Inspector.
[PuckCollisionHandler] Arraste o TableRoot no Inspector.
[PuckCollisionHandler] Arraste o TableRoot no Inspector.
[PuckCollisionHandler] Arraste o TableRoot no Inspector.
[PuckCollisionHandler] Arraste o TableRoot no Inspector.
[PuckCollisionHandler] Arraste o TableRoot no Inspector.
[PuckCollisionHandler] Arraste o TableRoot no Inspector.
[PuckCollisionHandler] Arraste o TableRoot no Inspector.
[PuckCollisionHandler] Arraste o TableRoot no Inspector.
[PuckCollisionHandler] Arraste o TableRoot no Inspector.
[PuckCollisionHandler] Arraste o TableRoot no Inspector.
[PuckCollisionHandler] Arraste o TableRoot no Inspector.
[PuckCollisionHandler] Arraste o TableRoot no Inspector.
[PuckCollisionHandler] Arraste o TableRoot no Inspector.
[PuckCollisionHandler] Arraste o TableRoot no Inspector.
[PuckCollisionHandler] Arraste o TableRoot no Inspector.
[PuckCollisionHandler] Arraste o TableRoot no Inspector.
[PuckCollisionHandler] Arraste o TableRoot no Inspector.
[PuckCollisionHandler] Arraste o TableRoot no Inspector.
[PuckCollisionHandler] Arraste o TableRoot no Inspector.
[PuckCollisionHandler] Arraste o TableRoot no Inspector.
[PuckCollisionHandler] Arraste o TableRoot no Inspector.
[PuckCollisionHandler] Arraste o TableRoot no Inspector.
[PuckCollisionHandler] Arraste o TableRoot no Inspector.
[PuckCollisionHandler] Arraste o TableRoot no Inspector.
[PuckCollisionHandler] Arraste o TableRoot no Inspector.
[PuckCollisionHandler] Arraste o TableRoot no Inspector.
[PuckCollisionHandler] Arraste o TableRoot no Inspector.
[PuckCollisionHandler] Arraste o TableRoot no Inspector.
[PuckCollisionHandler] Arraste o TableRoot no Inspector.
[PuckCollisionHandler] Arraste o TableRoot no Inspector.
[PuckCollisionHandler] Arraste o TableRoot no Inspector.
[PuckCollisionHandler] Arraste o TableRoot no Inspector.
[PuckCollisionHandler] Arraste o TableRoot no Inspector.
[PuckCollisionHandler] Arraste o TableRoot no Inspector.
[PuckCollisionHandler] Arraste o TableRoot no Inspector.
[PuckCollisionHandler] Arraste o TableRoot no Inspector.
[PuckCollisionHandler] Arraste o TableRoot no Inspector.
[PuckCollisionHandler] Arraste o TableRoot no Inspector.
[PuckCollisionHandler] Arraste o TableRoot no Inspector.
[PuckCollisionHandler] Arraste o TableRoot no Inspector.
[PuckCollisionHandler] Arraste o TableRoot no Inspector.
[PuckCollisionHandler] Arraste o TableRoot no Inspector.
[PuckCollisionHandler] Arraste o TableRoot no Inspector.
[PuckCollisionHandler] Arraste o TableRoot no Inspector.
[PuckCollisionHandler] Arraste o TableRoot no Inspector.
[PuckCollisionHandler] Arraste o TableRoot no Inspector.
[PuckCollisionHandler] Arraste o TableRoot no Inspector.
[PuckCollisionHandler] Arraste o TableRoot no Inspector.
[PuckCollisionHandler] Arraste o TableRoot no Inspector.
[PuckCollisionHandler] Arraste o TableRoot no Inspector.
[PuckCollisionHandler] Arraste o TableRoot no Inspector.
[PuckCollisionHandler] Arraste o TableRoot no Inspector.
[PuckCollisionHandler] Arraste o TableRoot no Inspector.
[PuckCollisionHandler] Arraste o TableRoot no Inspector.
[PuckCollisionHandler] Arraste o TableRoot no Inspector.
[PuckCollisionHandler] Arraste o TableRoot no Inspector.
[PuckCollisionHandler] Arraste o TableRoot no Inspector.
[PuckCollisionHandler] Arraste o TableRoot no Inspector.
[PuckCollisionHandler] Arraste o TableRoot no Inspector.
[PuckCollisionHandler] Arraste o TableRoot no Inspector.
[PuckCollisionHandler] Arraste o TableRoot no Inspector.
[PuckCollisionHandler] Arraste o TableRoot no Inspector.
[PuckCollisionHandler] Arraste o TableRoot no Inspector.
[PuckCollisionHandler] Arraste o TableRoot no Inspector.
[PuckCollisionHandler] Arraste o TableRoot no Inspector.
[PuckCollisionHandler] Arraste o TableRoot no Inspector.
[PuckCollisionHandler] Arraste o TableRoot no Inspector.
[PuckCollisionHandler] Arraste o TableRoot no Inspector.
[PuckCollisionHandler] Arraste o TableRoot no Inspector.
[PuckCollisionHandler] Arraste o TableRoot no Inspector.
[PuckCollisionHandler] Arraste o TableRoot no Inspector.
[PuckCollisionHandler] Arraste o TableRoot no Inspector.
[PuckCollisionHandler] Arraste o TableRoot no Inspector.
[PuckCollisionHandler] Arraste o TableRoot no Inspector.
[PuckCollisionHandler] Arraste o TableRoot no Inspector.
[PuckCollisionHandler] Arraste o TableRoot no Inspector.
[PuckCollisionHandler] Arraste o TableRoot no Inspector.
[PuckCollisionHandler] Arraste o TableRoot no Inspector.
[PuckCollisionHandler] Arraste o TableRoot no Inspector.
[PuckCollisionHandler] Arraste o TableRoot no Inspector.
[PuckCollisionHandler] Arraste o TableRoot no Inspector.
[PuckCollisionHandler] Arraste o TableRoot no Inspector.
[PuckCollisionHandler] Arraste o TableRoot no Inspector.
[PuckCollisionHandler] Arraste o TableRoot no Inspector.
[PuckCollisionHandler] Arraste o TableRoot no Inspector.
[PuckCollisionHandler] Arraste o TableRoot no Inspector.
[PuckCollisionHandler] Arraste o TableRoot no Inspector.
[PuckCollisionHandler] Arraste o TableRoot no Inspector.
[PuckCollisionHandler] Arraste o TableRoot no Inspector.
[PuckCollisionHandler] Arraste o TableRoot no Inspector.
[PuckCollisionHandler] Arraste o TableRoot no Inspector.
[PuckCollisionHandler] Arraste o TableRoot no Inspector.
[PuckCollisionHandler] Arraste o TableRoot no Inspector.
[PuckCollisionHandler] Arraste o TableRoot no Inspector.
[PuckCollisionHandler] Arraste o TableRoot no Inspector.
[PuckCollisionHandler] Arraste o TableRoot no Inspector.
[PuckCollisionHandler] Arraste o TableRoot no Inspector.
[PuckCollisionHandler] Arraste o TableRoot no Inspector.
[PuckCollisionHandler] Arraste o TableRoot no Inspector.
[PuckCollisionHandler] Arraste o TableRoot no Inspector.
[PuckCollisionHandler] Arraste o TableRoot no Inspector.
[PuckCollisionHandler] Arraste o TableRoot no Inspector.
[PuckCollisionHandler] Arraste o TableRoot no Inspector.
[PuckCollisionHandler] Arraste o TableRoot no Inspector.
[PuckCollisionHandler] Arraste o TableRoot no Inspector.
[PuckCollisionHandler] Arraste o TableRoot no Inspector.
[PuckCollisionHandler] Arraste o TableRoot no Inspector.
[PuckCollisionHandler] Arraste o TableRoot no Inspector.
[PuckCollisionHandler] Arraste o TableRoot no Inspector.
[PuckCollisionHandler] Arraste o TableRoot no Inspector.
[PuckCollisionHandler] Arraste o TableRoot no Inspector.
[PuckCollisionHandler] Arraste o TableRoot no Inspector.
[PuckCollisionHandler] Arraste o TableRoot no Inspector.
[PuckCollisionHandler] Arraste o TableRoot no Inspector.
[PuckCollisionHandler] Arraste o TableRoot no Inspector.
[PuckCollisionHandler] Arraste o TableRoot no Inspector.
[PuckCollisionHandler] Arraste o TableRoot no Inspector.
[PuckCollisionHandler] Arraste o TableRoot no Inspector.
[PuckCollisionHandler] Arraste o TableRoot no Inspector.
[PuckCollisionHandler] Arraste o TableRoot no Inspector.
[PuckCollisionHandler] Arraste o TableRoot no Inspector.
[PuckCollisionHandler] Arraste o TableRoot no Inspector.
[PuckCollisionHandler] Arraste o TableRoot no Inspector.
[PuckCollisionHandler] Arraste o TableRoot no Inspector.
[PuckCollisionHandler] Arraste o TableRoot no Inspector.
[PuckCollisionHandler] Arraste o TableRoot no Inspector.
[PuckCollisionHandler] Arraste o TableRoot no Inspector.
[PuckCollisionHandler] Arraste o TableRoot no Inspector.
[PuckCollisionHandler] Arraste o TableRoot no Inspector.
[PuckCollisionHandler] Arraste o TableRoot no Inspector.
[PuckCollisionHandler] Arraste o TableRoot no Inspector.
[PuckCollisionHandler] Arraste o TableRoot no Inspector.
[PuckCollisionHandler] Arraste o TableRoot no Inspector.
[PuckCollisionHandler] Arraste o TableRoot no Inspector.
[PuckCollisionHandler] Arraste o TableRoot no Inspector.
[PuckCollisionHandler] Arraste o TableRoot no Inspector.
[PuckCollisionHandler] Arraste o TableRoot no Inspector.
[PuckCollisionHandler] Arraste o TableRoot no Inspector.
[PuckCollisionHandler] Arraste o TableRoot no Inspector.
[PuckCollisionHandler] Arraste o TableRoot no Inspector.
[PuckCollisionHandler] Arraste o TableRoot no Inspector.
[PuckCollisionHandler] Arraste o TableRoot no Inspector.
[PuckCollisionHandler] Arraste o TableRoot no Inspector.
[PuckCollisionHandler] Arraste o TableRoot no Inspector.
[PuckCollisionHandler] Arraste o TableRoot no Inspector.
[PuckCollisionHandler] Arraste o TableRoot no Inspector.
[PuckCollisionHandler] Arraste o TableRoot no Inspector.
[PuckCollisionHandler] Arraste o TableRoot no Inspector.
[PuckCollisionHandler] Arraste o TableRoot no Inspector.
[PuckCollisionHandler] Arraste o TableRoot no Inspector.
[PuckCollisionHandler] Arraste o TableRoot no Inspector.
[PuckCollisionHandler] Arraste o TableRoot no Inspector.
[PuckCollisionHandler] Arraste o TableRoot no Inspector.
[PuckCollisionHandler] Arraste o TableRoot no Inspector.
[PuckCollisionHandler] Arraste o TableRoot no Inspector.
[PuckCollisionHandler] Arraste o TableRoot no Inspector.
[PuckCollisionHandler] Arraste o TableRoot no Inspector.
[PuckCollisionHandler] Arraste o TableRoot no Inspector.
[PuckCollisionHandler] Arraste o TableRoot no Inspector.
[PuckCollisionHandler] Arraste o TableRoot no Inspector.
[PuckCollisionHandler] Arraste o TableRoot no Inspector.
[PuckCollisionHandler] Arraste o TableRoot no Inspector.
[PuckCollisionHandler] Arraste o TableRoot no Inspector.
[PuckCollisionHandler] Arraste o TableRoot no Inspector.
[PuckCollisionHandler] Arraste o TableRoot no Inspector.
[PuckCollisionHandler] Arraste o TableRoot no Inspector.
[PuckCollisionHandler] Arraste o TableRoot no Inspector.
[PuckCollisionHandler] Arraste o TableRoot no Inspector.
[PuckCollisionHandler] Arraste o TableRoot no Inspector.
[PuckCollisionHandler] Arraste o TableRoot no Inspector.
[PuckCollisionHandler] Arraste o TableRoot no Inspector.
[PuckCollisionHandler] Arraste o TableRoot no Inspector.
[PuckCollisionHandler] Arraste o TableRoot no Inspector.
[PuckCollisionHandler] Arraste o TableRoot no Inspector.
[PuckCollisionHandler] Arraste o TableRoot no Inspector.
[PuckCollisionHandler] Arraste o TableRoot no Inspector.
[PuckCollisionHandler] Arraste o TableRoot no Inspector.
[PuckCollisionHandler] Arraste o TableRoot no Inspector.
[PuckCollisionHandler] Arraste o TableRoot no Inspector.
[PuckCollisionHandler] Arraste o TableRoot no Inspector.
[PuckCollisionHandler] Arraste o TableRoot no Inspector.
[PuckCollisionHandler] Arraste o TableRoot no Inspector.
[PuckCollisionHandler] Arraste o TableRoot no Inspector.
[PuckCollisionHandler] Arraste o TableRoot no Inspector.
[PuckCollisionHandler] Arraste o TableRoot no Inspector.
[PuckCollisionHandler] Arraste o TableRoot no Inspector.
[PuckCollisionHandler] Arraste o TableRoot no Inspector.
[PuckCollisionHandler] Arraste o TableRoot no Inspector.
[PuckCollisionHandler] Arraste o TableRoot no Inspector.
[PuckCollisionHandler] Arraste o TableRoot no Inspector.
[PuckCollisionHandler] Arraste o TableRoot no Inspector.
[PuckCollisionHandler] Arraste o TableRoot no Inspector.
[PuckCollisionHandler] Arraste o TableRoot no Inspector.
[PuckCollisionHandler] Arraste o TableRoot no Inspector.
[Physics::Module] Cleanup current backned.
[Physics::Module] Id: 0xf2b8ea05
