Mono path[0] = 'D:/turing/AirHockeyRL-main/builds/build4/AirHockeyRL_Data/Managed'
Mono config path = 'D:/turing/AirHockeyRL-main/builds/build4/MonoBleedingEdge/etc'
Found 2 interfaces on host : 0) 172.18.112.1 1) 192.168.0.197
Player connection [44564]  Target information:

Player connection [44564]  * "[IP] 172.18.112.1 [Port] 55016 [Flags] 2 [Guid] 3294500048 [EditorId] 2335257655 [Version] 1048832 [Id] WindowsPlayer(2,guilherme) [Debug] 0 [PackageName] WindowsPlayer [ProjectName] AirHockeyRL" 

Player connection [44564]  * "[IP] 192.168.0.197 [Port] 55016 [Flags] 2 [Guid] 3294500048 [EditorId] 2335257655 [Version] 1048832 [Id] WindowsPlayer(2,guilherme) [Debug] 0 [PackageName] WindowsPlayer [ProjectName] AirHockeyRL" 

Player connection [44564] Started UDP target info broadcast (1) on [225.0.0.222:54997].

[Physics::Module] Initialized fallback backend.
[Physics::Module] Id: 0xdecafbad
Initialize engine version: 6000.0.23f1 (1c4764c07fb4)
[Subsystems] Discovering subsystems at path D:/turing/AirHockeyRL-main/builds/build4/AirHockeyRL_Data/UnitySubsystems
kGfxThreadingModeSplitJobs is not supported on Direct3D 11. Reverting to kGfxThreadingModeClientWorkerJobs instead.
GfxDevice: creating device client; kGfxThreadingModeClientWorkerJobs
Direct3D:
    Version:  Direct3D 11.0 [level 11.1]
    Renderer: NVIDIA GeForce RTX 3060 Laptop GPU (ID=0x2560)
    Vendor:   NVIDIA
    VRAM:     5996 MB
    Driver:   32.0.15.6636
Begin MonoManager ReloadAssembly
Symbol file LoadedFromMemory is not a mono symbol file
- Loaded All Assemblies, in 17.790 seconds
- Finished resetting the current domain, in  0.004 seconds
[Physics::Module] Selected backend.
[Physics::Module] Name: PhysX
[Physics::Module] Id: 0xf2b8ea05
[Physics::Module] SDK Version: 4.1.2
[Physics::Module] Integration Version: 1.0.0
[Physics::Module] Threading Mode: Multi-Threaded
<RI> Initializing input.
New input system (experimental) initialized
Using Windows.Gaming.Input
<RI> Input initialized.
<RI> Initialized touch support.
Couldn't create a Convex Mesh from source mesh, within the maximum polygons limit (256). The partial hull will be used. Consider simplifying your mesh. Source mesh name: Pusher
Couldn't create a Convex Mesh from source mesh, within the maximum polygons limit (256). The partial hull will be used. Consider simplifying your mesh. Source mesh name: Pusher
UnloadTime: 3.786000 ms
Registered Communicator in Agent.
UnityEngine.Debug:ExtractStackTraceNoAlloc (byte*,int,string)
UnityEngine.StackTraceUtility:ExtractStackTrace () (at C:/build/output/unity/unity/Runtime/Export/Scripting/StackTrace.cs:37)
UnityEngine.DebugLogHandler:Internal_Log (UnityEngine.LogType,UnityEngine.LogOption,string,UnityEngine.Object)
UnityEngine.DebugLogHandler:LogFormat (UnityEngine.LogType,UnityEngine.Object,string,object[])
UnityEngine.Logger:Log (UnityEngine.LogType,object)
UnityEngine.Debug:Log (object)
Unity.MLAgents.Agent:Awake () (at ./Library/PackageCache/com.unity.ml-agents/Runtime/Agent.cs:383)

(Filename: ./Library/PackageCache/com.unity.ml-agents/Runtime/Agent.cs Line: 383)

RenderGraph is now enabled.
UnityEngine.Debug:ExtractStackTraceNoAlloc (byte*,int,string)
UnityEngine.StackTraceUtility:ExtractStackTrace () (at C:/build/output/unity/unity/Runtime/Export/Scripting/StackTrace.cs:37)
UnityEngine.DebugLogHandler:Internal_Log (UnityEngine.LogType,UnityEngine.LogOption,string,UnityEngine.Object)
UnityEngine.DebugLogHandler:LogFormat (UnityEngine.LogType,UnityEngine.Object,string,object[])
UnityEngine.Logger:Log (UnityEngine.LogType,object)
UnityEngine.Debug:Log (object)
UnityEngine.Rendering.Universal.UniversalRenderPipeline:.ctor (UnityEngine.Rendering.Universal.UniversalRenderPipelineAsset) (at ./Library/PackageCache/com.unity.render-pipelines.universal/Runtime/UniversalRenderPipeline.cs:259)
UnityEngine.Rendering.Universal.UniversalRenderPipelineAsset:CreatePipeline () (at ./Library/PackageCache/com.unity.render-pipelines.universal/Runtime/Data/UniversalRenderPipelineAsset.cs:799)
UnityEngine.Rendering.RenderPipelineAsset:InternalCreatePipeline () (at C:/build/output/unity/unity/Runtime/Export/RenderPipeline/RenderPipelineAsset.cs:15)
UnityEngine.Rendering.RenderPipelineManager:TryPrepareRenderPipeline (UnityEngine.Rendering.RenderPipelineAsset) (at C:/build/output/unity/unity/Runtime/Export/RenderPipeline/RenderPipelineManager.cs:165)
UnityEngine.Rendering.RenderPipelineManager:DoRenderLoop_Internal (UnityEngine.Rendering.RenderPipelineAsset,intptr,UnityEngine.Object) (at C:/build/output/unity/unity/Runtime/Export/RenderPipeline/RenderPipelineManager.cs:139)

(Filename: ./Library/PackageCache/com.unity.render-pipelines.universal/Runtime/UniversalRenderPipeline.cs Line: 259)

[Physics::Module] Cleanup current backned.
[Physics::Module] Id: 0xf2b8ea05
PlayerConnection::Cleanup##utp:{"type":"MemoryLeaks","version":2,"phase":"Immediate","time":1746664394094,"processId":44960,"allocatedMemory":4783893,"memoryLabels":[{"Default":136},{"Thread":1536},{"Manager":542955},{"GfxDevice":72},{"GfxThread":4608},{"Serialization":416},{"JobScheduler":32768},{"String":290},{"HashMap":3584},{"PoolAlloc":768},{"VR":1784},{"NativeArray":4194760},{"Subsystems":96},{"CoreBusinessMetrics":120}]}
